<?xml version="1.0" encoding="UTF-8"?>
<!-- Generated by org.testng.reporters.JUnitXMLReporter -->
<testsuite ignored="0" hostname="LAPTOP-4U8EVBDV" failures="1" tests="3" name="Test" time="12.426" errors="0" timestamp="2023-07-21T11:31:45 IST">
  <testcase classname="com.example.SeleJenk$NewTest" name="test1" time="1.777">
    <failure type="java.lang.AssertionError" message="The following asserts failed:
	expected [Google] but found [Googl]">
      <![CDATA[java.lang.AssertionError: The following asserts failed:
expected [Google] but found [Googl]
at com.example.SeleJenk$NewTest.test1(SeleJenk.java:25)
at java.base/java.util.ArrayList.forEach(ArrayList.java:1511)
... Removed 29 stack frames]]>
    </failure>
  </testcase> <!-- test1 -->
  <testcase classname="com.example.SeleJenk$NewTest" name="test2" time="3.765"/>
  <testcase classname="com.example.SeleJenk$NewTest" name="testEasy" time="2.102"/>
</testsuite> <!-- Test -->
